# JRE version: OpenJDK Runtime Environment Temurin-21.0.8+9 (21.0.8+9) (build 21.0.8+9-LTS)
# Java VM: OpenJDK 64-Bit Server VM Temurin-21.0.8+9 (21.0.8+9-LTS, mixed mode, sharing, tiered, compressed oops, compressed class ptrs, g1 gc, windows-amd64)
GC Precious Log:
 CardTable entry size: 512
 Card Set container configuration: InlinePtr #cards 4 size 8 Array Of Cards #cards 32 size 80 Howl #buckets 8 coarsen threshold 7372 Howl Bitmap #cards 1024 size 144 coarsen threshold 921 Card regions per heap region 1 cards per card region 8192
 CPUs: 12 total, 12 available
 Memory: 16091M
 Large Page Support: Disabled
 NUMA Support: Disabled
 Compressed Oops: Enabled (Zero based)
 Heap Region Size: 4M
 Heap Min Capacity: 8M
 Heap Initial Capacity: 252M
 Heap Max Capacity: 5G
 Pre-touch: Disabled
 Parallel Workers: 10
 Concurrent Workers: 3
 Concurrent Refinement Workers: 10
 Periodic GC: Disabled
Heap:
 garbage-first heap   total 335872K, used 243483K [0x00000006c0000000, 0x0000000800000000)
  region size 4096K, 3 young (12288K), 3 survivors (12288K)
 Metaspace       used 61420K, committed 62784K, reserved 1114112K
  class space    used 6731K, committed 7296K, reserved 1048576K
GC Heap History (20 events):
Event: 5.883 GC heap after
{Heap after GC invocations=29 (full 0):
 garbage-first heap   total 180224K, used 107430K [0x00000006c0000000, 0x0000000800000000)
  region size 4096K, 2 young (8192K), 2 survivors (8192K)
 Metaspace       used 54101K, committed 55360K, reserved 1114112K
  class space    used 5799K, committed 6336K, reserved 1048576K
}
Event: 6.012 GC heap before
{Heap before GC invocations=29 (full 0):
 garbage-first heap   total 180224K, used 148390K [0x00000006c0000000, 0x0000000800000000)
  region size 4096K, 13 young (53248K), 2 survivors (8192K)
 Metaspace       used 54928K, committed 56192K, reserved 1114112K
  class space    used 5857K, committed 6400K, reserved 1048576K
}
Event: 6.016 GC heap after
{Heap after GC invocations=30 (full 0):
 garbage-first heap   total 180224K, used 120043K [0x00000006c0000000, 0x0000000800000000)
  region size 4096K, 2 young (8192K), 2 survivors (8192K)
 Metaspace       used 54928K, committed 56192K, reserved 1114112K
  class space    used 5857K, committed 6400K, reserved 1048576K
}
Event: 6.114 GC heap before
{Heap before GC invocations=31 (full 0):
 garbage-first heap   total 204800K, used 156907K [0x00000006c0000000, 0x0000000800000000)
  region size 4096K, 11 young (45056K), 2 survivors (8192K)
 Metaspace       used 55285K, committed 56512K, reserved 1114112K
  class space    used 5895K, committed 6400K, reserved 1048576K
}
Event: 6.118 GC heap after
{Heap after GC invocations=32 (full 0):
 garbage-first heap   total 204800K, used 128854K [0x00000006c0000000, 0x0000000800000000)
  region size 4096K, 2 young (8192K), 2 survivors (8192K)
 Metaspace       used 55285K, committed 56512K, reserved 1114112K
  class space    used 5895K, committed 6400K, reserved 1048576K
}
Event: 6.236 GC heap before
{Heap before GC invocations=32 (full 0):
 garbage-first heap   total 204800K, used 173910K [0x00000006c0000000, 0x0000000800000000)
  region size 4096K, 13 young (53248K), 2 survivors (8192K)
 Metaspace       used 55931K, committed 57152K, reserved 1114112K
  class space    used 5959K, committed 6464K, reserved 1048576K
}
Event: 6.241 GC heap after
{Heap after GC invocations=33 (full 0):
 garbage-first heap   total 204800K, used 136136K [0x00000006c0000000, 0x0000000800000000)
  region size 4096K, 2 young (8192K), 2 survivors (8192K)
 Metaspace       used 55931K, committed 57152K, reserved 1114112K
  class space    used 5959K, committed 6464K, reserved 1048576K
}
Event: 6.340 GC heap before
{Heap before GC invocations=33 (full 0):
 garbage-first heap   total 204800K, used 177096K [0x00000006c0000000, 0x0000000800000000)
  region size 4096K, 12 young (49152K), 2 survivors (8192K)
 Metaspace       used 56440K, committed 57728K, reserved 1114112K
  class space    used 6028K, committed 6592K, reserved 1048576K
}
Event: 6.343 GC heap after
{Heap after GC invocations=34 (full 0):
 garbage-first heap   total 299008K, used 145234K [0x00000006c0000000, 0x0000000800000000)
  region size 4096K, 2 young (8192K), 2 survivors (8192K)
 Metaspace       used 56440K, committed 57728K, reserved 1114112K
  class space    used 6028K, committed 6592K, reserved 1048576K
}
Event: 6.692 GC heap before
{Heap before GC invocations=35 (full 0):
 garbage-first heap   total 299008K, used 243538K [0x00000006c0000000, 0x0000000800000000)
  region size 4096K, 26 young (106496K), 2 survivors (8192K)
 Metaspace       used 57442K, committed 58752K, reserved 1114112K
  class space    used 6069K, committed 6656K, reserved 1048576K
}
Event: 6.699 GC heap after
{Heap after GC invocations=36 (full 0):
 garbage-first heap   total 299008K, used 168116K [0x00000006c0000000, 0x0000000800000000)
  region size 4096K, 4 young (16384K), 4 survivors (16384K)
 Metaspace       used 57442K, committed 58752K, reserved 1114112K
  class space    used 6069K, committed 6656K, reserved 1048576K
}
Event: 6.916 GC heap before
{Heap before GC invocations=36 (full 0):
 garbage-first heap   total 299008K, used 245940K [0x00000006c0000000, 0x0000000800000000)
  region size 4096K, 24 young (98304K), 4 survivors (16384K)
 Metaspace       used 58878K, committed 60224K, reserved 1114112K
  class space    used 6271K, committed 6848K, reserved 1048576K
}
Event: 6.923 GC heap after
{Heap after GC invocations=37 (full 0):
 garbage-first heap   total 299008K, used 179334K [0x00000006c0000000, 0x0000000800000000)
  region size 4096K, 3 young (12288K), 3 survivors (12288K)
 Metaspace       used 58878K, committed 60224K, reserved 1114112K
  class space    used 6271K, committed 6848K, reserved 1048576K
}
Event: 7.115 GC heap before
{Heap before GC invocations=37 (full 0):
 garbage-first heap   total 299008K, used 240774K [0x00000006c0000000, 0x0000000800000000)
  region size 4096K, 19 young (77824K), 3 survivors (12288K)
 Metaspace       used 59754K, committed 61056K, reserved 1114112K
  class space    used 6416K, committed 6976K, reserved 1048576K
}
Event: 7.120 GC heap after
{Heap after GC invocations=38 (full 0):
 garbage-first heap   total 299008K, used 194046K [0x00000006c0000000, 0x0000000800000000)
  region size 4096K, 3 young (12288K), 3 survivors (12288K)
 Metaspace       used 59754K, committed 61056K, reserved 1114112K
  class space    used 6416K, committed 6976K, reserved 1048576K
}
Event: 7.396 GC heap before
{Heap before GC invocations=39 (full 0):
 garbage-first heap   total 335872K, used 267774K [0x00000006c0000000, 0x0000000800000000)
  region size 4096K, 19 young (77824K), 3 survivors (12288K)
 Metaspace       used 60013K, committed 61376K, reserved 1114112K
  class space    used 6468K, committed 7040K, reserved 1048576K
}
Event: 7.401 GC heap after
{Heap after GC invocations=40 (full 0):
 garbage-first heap   total 335872K, used 219561K [0x00000006c0000000, 0x0000000800000000)
  region size 4096K, 3 young (12288K), 3 survivors (12288K)
 Metaspace       used 60013K, committed 61376K, reserved 1114112K
  class space    used 6468K, committed 7040K, reserved 1048576K
}
Event: 7.529 GC heap before
{Heap before GC invocations=40 (full 0):
 garbage-first heap   total 335872K, used 285097K [0x00000006c0000000, 0x0000000800000000)
  region size 4096K, 20 young (81920K), 3 survivors (12288K)
 Metaspace       used 60972K, committed 62336K, reserved 1114112K
  class space    used 6635K, committed 7232K, reserved 1048576K
}
Event: 7.535 GC heap after
{Heap after GC invocations=41 (full 0):
 garbage-first heap   total 335872K, used 229667K [0x00000006c0000000, 0x0000000800000000)
  region size 4096K, 3 young (12288K), 3 survivors (12288K)
 Metaspace       used 60972K, committed 62336K, reserved 1114112K
  class space    used 6635K, committed 7232K, reserved 1048576K
}
Event: 7.658 GC heap before
{Heap before GC invocations=41 (full 0):
 garbage-first heap   total 335872K, used 295203K [0x00000006c0000000, 0x0000000800000000)
  region size 4096K, 19 young (77824K), 3 survivors (12288K)
 Metaspace       used 61420K, committed 62784K, reserved 1114112K
  class space    used 6731K, committed 7296K, reserved 1048576K
}

