# JRE version: OpenJDK Runtime Environment Temurin-17.0.15+6 (17.0.15+6) (build 17.0.15+6)
# Java VM: OpenJDK 64-Bit Server VM Temurin-17.0.15+6 (17.0.15+6, mixed mode, sharing, tiered, compressed oops, compressed class ptrs, g1 gc, windows-amd64)
GC Precious Log:
 CPUs: 12 total, 12 available
 Memory: 16091M
 Large Page Support: Disabled
 NUMA Support: Disabled
 Compressed Oops: Enabled (32-bit)
 Heap Region Size: 1M
 Heap Min Capacity: 256M
 Heap Initial Capacity: 256M
 Heap Max Capacity: 512M
 Pre-touch: Disabled
 Parallel Workers: 10
 Concurrent Workers: 3
 Concurrent Refinement Workers: 10
 Periodic GC: Disabled
Heap:
 garbage-first heap   total 262144K, used 53944K [0x00000000e0000000, 0x0000000100000000)
  region size 1024K, 24 young (24576K), 8 survivors (8192K)
 Metaspace       used 49937K, committed 50496K, reserved 393216K
  class space    used 7013K, committed 7296K, reserved 327680K
GC Heap History (16 events):
Event: 0.384 GC heap before
{Heap before GC invocations=0 (full 0):
 garbage-first heap   total 262144K, used 22528K [0x00000000e0000000, 0x0000000100000000)
  region size 1024K, 23 young (23552K), 0 survivors (0K)
 Metaspace       used 1025K, committed 1152K, reserved 393216K
  class space    used 73K, committed 128K, reserved 327680K
}
Event: 0.387 GC heap after
{Heap after GC invocations=1 (full 0):
 garbage-first heap   total 262144K, used 1770K [0x00000000e0000000, 0x0000000100000000)
  region size 1024K, 2 young (2048K), 2 survivors (2048K)
 Metaspace       used 1025K, committed 1152K, reserved 393216K
  class space    used 73K, committed 128K, reserved 327680K
}
Event: 1.036 GC heap before
{Heap before GC invocations=1 (full 0):
 garbage-first heap   total 262144K, used 40682K [0x00000000e0000000, 0x0000000100000000)
  region size 1024K, 38 young (38912K), 2 survivors (2048K)
 Metaspace       used 4400K, committed 4608K, reserved 393216K
  class space    used 547K, committed 640K, reserved 327680K
}
Event: 1.039 GC heap after
{Heap after GC invocations=2 (full 0):
 garbage-first heap   total 262144K, used 10650K [0x00000000e0000000, 0x0000000100000000)
  region size 1024K, 5 young (5120K), 5 survivors (5120K)
 Metaspace       used 4400K, committed 4608K, reserved 393216K
  class space    used 547K, committed 640K, reserved 327680K
}
Event: 1.613 GC heap before
{Heap before GC invocations=2 (full 0):
 garbage-first heap   total 262144K, used 62874K [0x00000000e0000000, 0x0000000100000000)
  region size 1024K, 54 young (55296K), 5 survivors (5120K)
 Metaspace       used 4873K, committed 5056K, reserved 393216K
  class space    used 622K, committed 704K, reserved 327680K
}
Event: 1.616 GC heap after
{Heap after GC invocations=3 (full 0):
 garbage-first heap   total 262144K, used 16464K [0x00000000e0000000, 0x0000000100000000)
  region size 1024K, 5 young (5120K), 5 survivors (5120K)
 Metaspace       used 4873K, committed 5056K, reserved 393216K
  class space    used 622K, committed 704K, reserved 327680K
}
Event: 4.189 GC heap before
{Heap before GC invocations=3 (full 0):
 garbage-first heap   total 262144K, used 125008K [0x00000000e0000000, 0x0000000100000000)
  region size 1024K, 112 young (114688K), 5 survivors (5120K)
 Metaspace       used 21151K, committed 21504K, reserved 393216K
  class space    used 3083K, committed 3264K, reserved 327680K
}
Event: 4.197 GC heap after
{Heap after GC invocations=4 (full 0):
 garbage-first heap   total 262144K, used 24033K [0x00000000e0000000, 0x0000000100000000)
  region size 1024K, 12 young (12288K), 12 survivors (12288K)
 Metaspace       used 21151K, committed 21504K, reserved 393216K
  class space    used 3083K, committed 3264K, reserved 327680K
}
Event: 6.233 GC heap before
{Heap before GC invocations=5 (full 0):
 garbage-first heap   total 262144K, used 147937K [0x00000000e0000000, 0x0000000100000000)
  region size 1024K, 130 young (133120K), 12 survivors (12288K)
 Metaspace       used 35678K, committed 36096K, reserved 393216K
  class space    used 4901K, committed 5120K, reserved 327680K
}
Event: 6.241 GC heap after
{Heap after GC invocations=6 (full 0):
 garbage-first heap   total 262144K, used 34098K [0x00000000e0000000, 0x0000000100000000)
  region size 1024K, 18 young (18432K), 18 survivors (18432K)
 Metaspace       used 35678K, committed 36096K, reserved 393216K
  class space    used 4901K, committed 5120K, reserved 327680K
}
Event: 6.266 GC heap before
{Heap before GC invocations=6 (full 0):
 garbage-first heap   total 262144K, used 35122K [0x00000000e0000000, 0x0000000100000000)
  region size 1024K, 19 young (19456K), 18 survivors (18432K)
 Metaspace       used 35885K, committed 36352K, reserved 393216K
  class space    used 4919K, committed 5184K, reserved 327680K
}
Event: 6.273 GC heap after
{Heap after GC invocations=7 (full 0):
 garbage-first heap   total 262144K, used 34162K [0x00000000e0000000, 0x0000000100000000)
  region size 1024K, 2 young (2048K), 2 survivors (2048K)
 Metaspace       used 35885K, committed 36352K, reserved 393216K
  class space    used 4919K, committed 5184K, reserved 327680K
}
Event: 6.280 GC heap before
{Heap before GC invocations=7 (full 0):
 garbage-first heap   total 262144K, used 34162K [0x00000000e0000000, 0x0000000100000000)
  region size 1024K, 3 young (3072K), 2 survivors (2048K)
 Metaspace       used 35947K, committed 36416K, reserved 393216K
  class space    used 4922K, committed 5184K, reserved 327680K
}
Event: 6.281 GC heap after
{Heap after GC invocations=8 (full 0):
 garbage-first heap   total 262144K, used 32798K [0x00000000e0000000, 0x0000000100000000)
  region size 1024K, 1 young (1024K), 1 survivors (1024K)
 Metaspace       used 35947K, committed 36416K, reserved 393216K
  class space    used 4922K, committed 5184K, reserved 327680K
}
Event: 10.112 GC heap before
{Heap before GC invocations=9 (full 0):
 garbage-first heap   total 262144K, used 189470K [0x00000000e0000000, 0x0000000100000000)
  region size 1024K, 153 young (156672K), 1 survivors (1024K)
 Metaspace       used 49221K, committed 49792K, reserved 393216K
  class space    used 6915K, committed 7168K, reserved 327680K
}
Event: 10.116 GC heap after
{Heap after GC invocations=10 (full 0):
 garbage-first heap   total 262144K, used 39608K [0x00000000e0000000, 0x0000000100000000)
  region size 1024K, 8 young (8192K), 8 survivors (8192K)
 Metaspace       used 49221K, committed 49792K, reserved 393216K
  class space    used 6915K, committed 7168K, reserved 327680K
}

