# JRE version: OpenJDK Runtime Environment Temurin-21.0.8+9 (21.0.8+9) (build 21.0.8+9-LTS)
# Java VM: OpenJDK 64-Bit Server VM Temurin-21.0.8+9 (21.0.8+9-LTS, mixed mode, sharing, tiered, compressed oops, compressed class ptrs, g1 gc, windows-amd64)
GC Precious Log:
 CardTable entry size: 512
 Card Set container configuration: InlinePtr #cards 4 size 8 Array Of Cards #cards 32 size 80 Howl #buckets 8 coarsen threshold 7372 Howl Bitmap #cards 1024 size 144 coarsen threshold 921 Card regions per heap region 1 cards per card region 8192
 CPUs: 12 total, 12 available
 Memory: 16091M
 Large Page Support: Disabled
 NUMA Support: Disabled
 Compressed Oops: Enabled (Zero based)
 Heap Region Size: 4M
 Heap Min Capacity: 8M
 Heap Initial Capacity: 252M
 Heap Max Capacity: 6G
 Pre-touch: Disabled
 Parallel Workers: 10
 Concurrent Workers: 3
 Concurrent Refinement Workers: 10
 Periodic GC: Disabled
Heap:
 garbage-first heap   total 114688K, used 55524K [0x0000000680000000, 0x0000000800000000)
  region size 4096K, 8 young (32768K), 1 survivors (4096K)
 Metaspace       used 41652K, committed 42688K, reserved 1114112K
  class space    used 4141K, committed 4608K, reserved 1048576K
GC Heap History (20 events):
Event: 2.362 GC heap before
{Heap before GC invocations=2 (full 0):
 garbage-first heap   total 258048K, used 83054K [0x0000000680000000, 0x0000000800000000)
  region size 4096K, 22 young (90112K), 1 survivors (4096K)
 Metaspace       used 20817K, committed 21504K, reserved 1114112K
  class space    used 2049K, committed 2368K, reserved 1048576K
}
Event: 2.365 GC heap after
{Heap after GC invocations=3 (full 0):
 garbage-first heap   total 258048K, used 9274K [0x0000000680000000, 0x0000000800000000)
  region size 4096K, 2 young (8192K), 2 survivors (8192K)
 Metaspace       used 20817K, committed 21504K, reserved 1114112K
  class space    used 2049K, committed 2368K, reserved 1048576K
}
Event: 2.635 GC heap before
{Heap before GC invocations=4 (full 0):
 garbage-first heap   total 40960K, used 33850K [0x0000000680000000, 0x0000000800000000)
  region size 4096K, 9 young (36864K), 2 survivors (8192K)
 Metaspace       used 23058K, committed 23808K, reserved 1114112K
  class space    used 2230K, committed 2560K, reserved 1048576K
}
Event: 2.639 GC heap after
{Heap after GC invocations=5 (full 0):
 garbage-first heap   total 53248K, used 11844K [0x0000000680000000, 0x0000000800000000)
  region size 4096K, 3 young (12288K), 3 survivors (12288K)
 Metaspace       used 23058K, committed 23808K, reserved 1114112K
  class space    used 2230K, committed 2560K, reserved 1048576K
}
Event: 2.957 GC heap before
{Heap before GC invocations=5 (full 0):
 garbage-first heap   total 53248K, used 28228K [0x0000000680000000, 0x0000000800000000)
  region size 4096K, 7 young (28672K), 3 survivors (12288K)
 Metaspace       used 25087K, committed 25792K, reserved 1114112K
  class space    used 2440K, committed 2752K, reserved 1048576K
}
Event: 2.962 GC heap after
{Heap after GC invocations=6 (full 0):
 garbage-first heap   total 53248K, used 12999K [0x0000000680000000, 0x0000000800000000)
  region size 4096K, 1 young (4096K), 1 survivors (4096K)
 Metaspace       used 25087K, committed 25792K, reserved 1114112K
  class space    used 2440K, committed 2752K, reserved 1048576K
}
Event: 3.308 GC heap before
{Heap before GC invocations=6 (full 0):
 garbage-first heap   total 53248K, used 33479K [0x0000000680000000, 0x0000000800000000)
  region size 4096K, 7 young (28672K), 1 survivors (4096K)
 Metaspace       used 28689K, committed 29568K, reserved 1114112K
  class space    used 2867K, committed 3264K, reserved 1048576K
}
Event: 3.310 GC heap after
{Heap after GC invocations=7 (full 0):
 garbage-first heap   total 53248K, used 13699K [0x0000000680000000, 0x0000000800000000)
  region size 4096K, 1 young (4096K), 1 survivors (4096K)
 Metaspace       used 28689K, committed 29568K, reserved 1114112K
  class space    used 2867K, committed 3264K, reserved 1048576K
}
Event: 4.928 GC heap before
{Heap before GC invocations=7 (full 0):
 garbage-first heap   total 53248K, used 38275K [0x0000000680000000, 0x0000000800000000)
  region size 4096K, 7 young (28672K), 1 survivors (4096K)
 Metaspace       used 31473K, committed 32384K, reserved 1114112K
  class space    used 3156K, committed 3584K, reserved 1048576K
}
Event: 4.930 GC heap after
{Heap after GC invocations=8 (full 0):
 garbage-first heap   total 53248K, used 15571K [0x0000000680000000, 0x0000000800000000)
  region size 4096K, 1 young (4096K), 1 survivors (4096K)
 Metaspace       used 31473K, committed 32384K, reserved 1114112K
  class space    used 3156K, committed 3584K, reserved 1048576K
}
Event: 5.067 GC heap before
{Heap before GC invocations=8 (full 0):
 garbage-first heap   total 53248K, used 40147K [0x0000000680000000, 0x0000000800000000)
  region size 4096K, 7 young (28672K), 1 survivors (4096K)
 Metaspace       used 31687K, committed 32704K, reserved 1114112K
  class space    used 3178K, committed 3648K, reserved 1048576K
}
Event: 5.070 GC heap after
{Heap after GC invocations=9 (full 0):
 garbage-first heap   total 53248K, used 18025K [0x0000000680000000, 0x0000000800000000)
  region size 4096K, 1 young (4096K), 1 survivors (4096K)
 Metaspace       used 31687K, committed 32704K, reserved 1114112K
  class space    used 3178K, committed 3648K, reserved 1048576K
}
Event: 5.207 GC heap before
{Heap before GC invocations=9 (full 0):
 garbage-first heap   total 53248K, used 42601K [0x0000000680000000, 0x0000000800000000)
  region size 4096K, 7 young (28672K), 1 survivors (4096K)
 Metaspace       used 32066K, committed 33024K, reserved 1114112K
  class space    used 3236K, committed 3648K, reserved 1048576K
}
Event: 5.210 GC heap after
{Heap after GC invocations=10 (full 0):
 garbage-first heap   total 155648K, used 21376K [0x0000000680000000, 0x0000000800000000)
  region size 4096K, 1 young (4096K), 1 survivors (4096K)
 Metaspace       used 32066K, committed 33024K, reserved 1114112K
  class space    used 3236K, committed 3648K, reserved 1048576K
}
Event: 5.821 GC heap before
{Heap before GC invocations=10 (full 0):
 garbage-first heap   total 155648K, used 103296K [0x0000000680000000, 0x0000000800000000)
  region size 4096K, 22 young (90112K), 1 survivors (4096K)
 Metaspace       used 33762K, committed 34688K, reserved 1114112K
  class space    used 3457K, committed 3904K, reserved 1048576K
}
Event: 5.826 GC heap after
{Heap after GC invocations=11 (full 0):
 garbage-first heap   total 155648K, used 28656K [0x0000000680000000, 0x0000000800000000)
  region size 4096K, 3 young (12288K), 3 survivors (12288K)
 Metaspace       used 33762K, committed 34688K, reserved 1114112K
  class space    used 3457K, committed 3904K, reserved 1048576K
}
Event: 6.247 GC heap before
{Heap before GC invocations=11 (full 0):
 garbage-first heap   total 155648K, used 49136K [0x0000000680000000, 0x0000000800000000)
  region size 4096K, 10 young (40960K), 3 survivors (12288K)
 Metaspace       used 35476K, committed 36416K, reserved 1114112K
  class space    used 3639K, committed 4096K, reserved 1048576K
}
Event: 6.250 GC heap after
{Heap after GC invocations=12 (full 0):
 garbage-first heap   total 155648K, used 30394K [0x0000000680000000, 0x0000000800000000)
  region size 4096K, 1 young (4096K), 1 survivors (4096K)
 Metaspace       used 35476K, committed 36416K, reserved 1114112K
  class space    used 3639K, committed 4096K, reserved 1048576K
}
Event: 7.670 GC heap before
{Heap before GC invocations=13 (full 0):
 garbage-first heap   total 110592K, used 108218K [0x0000000680000000, 0x0000000800000000)
  region size 4096K, 20 young (81920K), 1 survivors (4096K)
 Metaspace       used 40172K, committed 41216K, reserved 1114112K
  class space    used 4026K, committed 4480K, reserved 1048576K
}
Event: 7.672 GC heap after
{Heap after GC invocations=14 (full 0):
 garbage-first heap   total 114688K, used 30948K [0x0000000680000000, 0x0000000800000000)
  region size 4096K, 1 young (4096K), 1 survivors (4096K)
 Metaspace       used 40172K, committed 41216K, reserved 1114112K
  class space    used 4026K, committed 4480K, reserved 1048576K
}

