# JRE version: OpenJDK Runtime Environment Temurin-21.0.8+9 (21.0.8+9) (build 21.0.8+9-LTS)
# Java VM: OpenJDK 64-Bit Server VM Temurin-21.0.8+9 (21.0.8+9-LTS, mixed mode, sharing, tiered, compressed oops, compressed class ptrs, g1 gc, windows-amd64)
GC Precious Log:
 CardTable entry size: 512
 Card Set container configuration: InlinePtr #cards 4 size 8 Array Of Cards #cards 32 size 80 Howl #buckets 8 coarsen threshold 7372 Howl Bitmap #cards 1024 size 144 coarsen threshold 921 Card regions per heap region 1 cards per card region 8192
 CPUs: 12 total, 12 available
 Memory: 16091M
 Large Page Support: Disabled
 NUMA Support: Disabled
 Compressed Oops: Enabled (Zero based)
 Heap Region Size: 4M
 Heap Min Capacity: 8M
 Heap Initial Capacity: 252M
 Heap Max Capacity: 6G
 Pre-touch: Disabled
 Parallel Workers: 10
 Concurrent Workers: 3
 Concurrent Refinement Workers: 10
 Periodic GC: Disabled
Heap:
 garbage-first heap   total 122880K, used 82919K [0x0000000680000000, 0x0000000800000000)
  region size 4096K, 1 young (4096K), 1 survivors (4096K)
 Metaspace       used 53232K, committed 54464K, reserved 1114112K
  class space    used 5681K, committed 6208K, reserved 1048576K
GC Heap History (20 events):
Event: 6.182 GC heap after
{Heap after GC invocations=15 (full 0):
 garbage-first heap   total 86016K, used 31576K [0x0000000680000000, 0x0000000800000000)
  region size 4096K, 2 young (8192K), 2 survivors (8192K)
 Metaspace       used 47200K, committed 48384K, reserved 1114112K
  class space    used 5118K, committed 5632K, reserved 1048576K
}
Event: 6.266 GC heap before
{Heap before GC invocations=15 (full 0):
 garbage-first heap   total 86016K, used 68440K [0x0000000680000000, 0x0000000800000000)
  region size 4096K, 11 young (45056K), 2 survivors (8192K)
 Metaspace       used 47280K, committed 48448K, reserved 1114112K
  class space    used 5118K, committed 5632K, reserved 1048576K
}
Event: 6.270 GC heap after
{Heap after GC invocations=16 (full 0):
 garbage-first heap   total 86016K, used 36448K [0x0000000680000000, 0x0000000800000000)
  region size 4096K, 2 young (8192K), 2 survivors (8192K)
 Metaspace       used 47280K, committed 48448K, reserved 1114112K
  class space    used 5118K, committed 5632K, reserved 1048576K
}
Event: 6.366 GC heap before
{Heap before GC invocations=16 (full 0):
 garbage-first heap   total 86016K, used 69216K [0x0000000680000000, 0x0000000800000000)
  region size 4096K, 10 young (40960K), 2 survivors (8192K)
 Metaspace       used 47415K, committed 48576K, reserved 1114112K
  class space    used 5127K, committed 5696K, reserved 1048576K
}
Event: 6.369 GC heap after
{Heap after GC invocations=17 (full 0):
 garbage-first heap   total 86016K, used 41192K [0x0000000680000000, 0x0000000800000000)
  region size 4096K, 2 young (8192K), 2 survivors (8192K)
 Metaspace       used 47415K, committed 48576K, reserved 1114112K
  class space    used 5127K, committed 5696K, reserved 1048576K
}
Event: 6.415 GC heap before
{Heap before GC invocations=17 (full 0):
 garbage-first heap   total 86016K, used 65768K [0x0000000680000000, 0x0000000800000000)
  region size 4096K, 8 young (32768K), 2 survivors (8192K)
 Metaspace       used 47507K, committed 48704K, reserved 1114112K
  class space    used 5134K, committed 5696K, reserved 1048576K
}
Event: 6.417 GC heap after
{Heap after GC invocations=18 (full 0):
 garbage-first heap   total 86016K, used 44401K [0x0000000680000000, 0x0000000800000000)
  region size 4096K, 1 young (4096K), 1 survivors (4096K)
 Metaspace       used 47507K, committed 48704K, reserved 1114112K
  class space    used 5134K, committed 5696K, reserved 1048576K
}
Event: 6.531 GC heap before
{Heap before GC invocations=18 (full 0):
 garbage-first heap   total 86016K, used 68977K [0x0000000680000000, 0x0000000800000000)
  region size 4096K, 8 young (32768K), 1 survivors (4096K)
 Metaspace       used 48255K, committed 49408K, reserved 1114112K
  class space    used 5203K, committed 5696K, reserved 1048576K
}
Event: 6.533 GC heap after
{Heap after GC invocations=19 (full 0):
 garbage-first heap   total 122880K, used 49833K [0x0000000680000000, 0x0000000800000000)
  region size 4096K, 1 young (4096K), 1 survivors (4096K)
 Metaspace       used 48255K, committed 49408K, reserved 1114112K
  class space    used 5203K, committed 5696K, reserved 1048576K
}
Event: 6.798 GC heap before
{Heap before GC invocations=20 (full 0):
 garbage-first heap   total 122880K, used 98985K [0x0000000680000000, 0x0000000800000000)
  region size 4096K, 13 young (53248K), 1 survivors (4096K)
 Metaspace       used 48911K, committed 50176K, reserved 1114112K
  class space    used 5280K, committed 5824K, reserved 1048576K
}
Event: 6.802 GC heap after
{Heap after GC invocations=21 (full 0):
 garbage-first heap   total 122880K, used 58570K [0x0000000680000000, 0x0000000800000000)
  region size 4096K, 2 young (8192K), 2 survivors (8192K)
 Metaspace       used 48911K, committed 50176K, reserved 1114112K
  class space    used 5280K, committed 5824K, reserved 1048576K
}
Event: 6.912 GC heap before
{Heap before GC invocations=21 (full 0):
 garbage-first heap   total 122880K, used 95434K [0x0000000680000000, 0x0000000800000000)
  region size 4096K, 12 young (49152K), 2 survivors (8192K)
 Metaspace       used 50422K, committed 51648K, reserved 1114112K
  class space    used 5428K, committed 5952K, reserved 1048576K
}
Event: 6.915 GC heap after
{Heap after GC invocations=22 (full 0):
 garbage-first heap   total 122880K, used 65293K [0x0000000680000000, 0x0000000800000000)
  region size 4096K, 2 young (8192K), 2 survivors (8192K)
 Metaspace       used 50422K, committed 51648K, reserved 1114112K
  class space    used 5428K, committed 5952K, reserved 1048576K
}
Event: 7.179 GC heap before
{Heap before GC invocations=22 (full 0):
 garbage-first heap   total 122880K, used 98061K [0x0000000680000000, 0x0000000800000000)
  region size 4096K, 11 young (45056K), 2 survivors (8192K)
 Metaspace       used 51584K, committed 52800K, reserved 1114112K
  class space    used 5547K, committed 6016K, reserved 1048576K
}
Event: 7.183 GC heap after
{Heap after GC invocations=23 (full 0):
 garbage-first heap   total 122880K, used 72365K [0x0000000680000000, 0x0000000800000000)
  region size 4096K, 2 young (8192K), 2 survivors (8192K)
 Metaspace       used 51584K, committed 52800K, reserved 1114112K
  class space    used 5547K, committed 6016K, reserved 1048576K
}
Event: 7.259 GC heap before
{Heap before GC invocations=24 (full 0):
 garbage-first heap   total 122880K, used 101037K [0x0000000680000000, 0x0000000800000000)
  region size 4096K, 10 young (40960K), 2 survivors (8192K)
 Metaspace       used 51620K, committed 52800K, reserved 1114112K
  class space    used 5547K, committed 6016K, reserved 1048576K
}
Event: 7.261 GC heap after
{Heap after GC invocations=25 (full 0):
 garbage-first heap   total 122880K, used 76052K [0x0000000680000000, 0x0000000800000000)
  region size 4096K, 1 young (4096K), 1 survivors (4096K)
 Metaspace       used 51620K, committed 52800K, reserved 1114112K
  class space    used 5547K, committed 6016K, reserved 1048576K
}
Event: 7.314 GC heap before
{Heap before GC invocations=25 (full 0):
 garbage-first heap   total 122880K, used 100628K [0x0000000680000000, 0x0000000800000000)
  region size 4096K, 8 young (32768K), 1 survivors (4096K)
 Metaspace       used 52471K, committed 53696K, reserved 1114112K
  class space    used 5619K, committed 6144K, reserved 1048576K
}
Event: 7.318 GC heap after
{Heap after GC invocations=26 (full 0):
 garbage-first heap   total 122880K, used 77684K [0x0000000680000000, 0x0000000800000000)
  region size 4096K, 1 young (4096K), 1 survivors (4096K)
 Metaspace       used 52471K, committed 53696K, reserved 1114112K
  class space    used 5619K, committed 6144K, reserved 1048576K
}
Event: 7.452 GC heap before
{Heap before GC invocations=26 (full 0):
 garbage-first heap   total 122880K, used 102260K [0x0000000680000000, 0x0000000800000000)
  region size 4096K, 8 young (32768K), 1 survivors (4096K)
 Metaspace       used 53232K, committed 54464K, reserved 1114112K
  class space    used 5681K, committed 6208K, reserved 1048576K
}

