# JRE version: OpenJDK Runtime Environment Temurin-21.0.8+9 (21.0.8+9) (build 21.0.8+9-LTS)
# Java VM: OpenJDK 64-Bit Server VM Temurin-21.0.8+9 (21.0.8+9-LTS, mixed mode, sharing, tiered, compressed oops, compressed class ptrs, g1 gc, windows-amd64)
GC Precious Log:
 CardTable entry size: 512
 Card Set container configuration: InlinePtr #cards 4 size 8 Array Of Cards #cards 32 size 80 Howl #buckets 8 coarsen threshold 7372 Howl Bitmap #cards 1024 size 144 coarsen threshold 921 Card regions per heap region 1 cards per card region 8192
 CPUs: 12 total, 12 available
 Memory: 16091M
 Large Page Support: Disabled
 NUMA Support: Disabled
 Compressed Oops: Enabled (Zero based)
 Heap Region Size: 4M
 Heap Min Capacity: 8M
 Heap Initial Capacity: 252M
 Heap Max Capacity: 5G
 Pre-touch: Disabled
 Parallel Workers: 10
 Concurrent Workers: 3
 Concurrent Refinement Workers: 10
 Periodic GC: Disabled
Heap:
 garbage-first heap   total 241664K, used 107660K [0x00000006c0000000, 0x0000000800000000)
  region size 4096K, 1 young (4096K), 1 survivors (4096K)
 Metaspace       used 51506K, committed 52736K, reserved 1114112K
  class space    used 5551K, committed 6080K, reserved 1048576K
GC Heap History (20 events):
Event: 4.350 GC heap after
{Heap after GC invocations=19 (full 0):
 garbage-first heap   total 147456K, used 51194K [0x00000006c0000000, 0x0000000800000000)
  region size 4096K, 1 young (4096K), 1 survivors (4096K)
 Metaspace       used 47978K, committed 49216K, reserved 1114112K
  class space    used 5180K, committed 5696K, reserved 1048576K
}
Event: 4.511 GC heap before
{Heap before GC invocations=20 (full 0):
 garbage-first heap   total 147456K, used 112634K [0x00000006c0000000, 0x0000000800000000)
  region size 4096K, 17 young (69632K), 1 survivors (4096K)
 Metaspace       used 48632K, committed 49792K, reserved 1114112K
  class space    used 5264K, committed 5760K, reserved 1048576K
}
Event: 4.516 GC heap after
{Heap after GC invocations=21 (full 0):
 garbage-first heap   total 147456K, used 63634K [0x00000006c0000000, 0x0000000800000000)
  region size 4096K, 3 young (12288K), 3 survivors (12288K)
 Metaspace       used 48632K, committed 49792K, reserved 1114112K
  class space    used 5264K, committed 5760K, reserved 1048576K
}
Event: 4.615 GC heap before
{Heap before GC invocations=21 (full 0):
 garbage-first heap   total 147456K, used 112786K [0x00000006c0000000, 0x0000000800000000)
  region size 4096K, 16 young (65536K), 3 survivors (12288K)
 Metaspace       used 49141K, committed 50368K, reserved 1114112K
  class space    used 5308K, committed 5824K, reserved 1048576K
}
Event: 4.620 GC heap after
{Heap after GC invocations=22 (full 0):
 garbage-first heap   total 147456K, used 73337K [0x00000006c0000000, 0x0000000800000000)
  region size 4096K, 2 young (8192K), 2 survivors (8192K)
 Metaspace       used 49141K, committed 50368K, reserved 1114112K
  class space    used 5308K, committed 5824K, reserved 1048576K
}
Event: 4.714 GC heap before
{Heap before GC invocations=22 (full 0):
 garbage-first heap   total 147456K, used 122489K [0x00000006c0000000, 0x0000000800000000)
  region size 4096K, 14 young (57344K), 2 survivors (8192K)
 Metaspace       used 50457K, committed 51648K, reserved 1114112K
  class space    used 5441K, committed 5952K, reserved 1048576K
}
Event: 4.718 GC heap after
{Heap after GC invocations=23 (full 0):
 garbage-first heap   total 147456K, used 83383K [0x00000006c0000000, 0x0000000800000000)
  region size 4096K, 2 young (8192K), 2 survivors (8192K)
 Metaspace       used 50457K, committed 51648K, reserved 1114112K
  class space    used 5441K, committed 5952K, reserved 1048576K
}
Event: 4.804 GC heap before
{Heap before GC invocations=23 (full 0):
 garbage-first heap   total 147456K, used 124343K [0x00000006c0000000, 0x0000000800000000)
  region size 4096K, 12 young (49152K), 2 survivors (8192K)
 Metaspace       used 50916K, committed 52160K, reserved 1114112K
  class space    used 5485K, committed 6016K, reserved 1048576K
}
Event: 4.808 GC heap after
{Heap after GC invocations=24 (full 0):
 garbage-first heap   total 147456K, used 92209K [0x00000006c0000000, 0x0000000800000000)
  region size 4096K, 2 young (8192K), 2 survivors (8192K)
 Metaspace       used 50916K, committed 52160K, reserved 1114112K
  class space    used 5485K, committed 6016K, reserved 1048576K
}
Event: 4.889 GC heap before
{Heap before GC invocations=25 (full 0):
 garbage-first heap   total 159744K, used 120881K [0x00000006c0000000, 0x0000000800000000)
  region size 4096K, 10 young (40960K), 2 survivors (8192K)
 Metaspace       used 51424K, committed 52672K, reserved 1114112K
  class space    used 5547K, committed 6080K, reserved 1048576K
}
Event: 4.892 GC heap after
{Heap after GC invocations=26 (full 0):
 garbage-first heap   total 159744K, used 100419K [0x00000006c0000000, 0x0000000800000000)
  region size 4096K, 2 young (8192K), 2 survivors (8192K)
 Metaspace       used 51424K, committed 52672K, reserved 1114112K
  class space    used 5547K, committed 6080K, reserved 1048576K
}
Event: 4.928 GC heap before
{Heap before GC invocations=26 (full 0):
 garbage-first heap   total 159744K, used 133187K [0x00000006c0000000, 0x0000000800000000)
  region size 4096K, 11 young (45056K), 2 survivors (8192K)
 Metaspace       used 51506K, committed 52736K, reserved 1114112K
  class space    used 5551K, committed 6080K, reserved 1048576K
}
Event: 5.932 GC heap after
{Heap after GC invocations=27 (full 0):
 garbage-first heap   total 237568K, used 105618K [0x00000006c0000000, 0x0000000800000000)
  region size 4096K, 2 young (8192K), 2 survivors (8192K)
 Metaspace       used 51506K, committed 52736K, reserved 1114112K
  class space    used 5551K, committed 6080K, reserved 1048576K
}
Event: 5.946 GC heap before
{Heap before GC invocations=27 (full 0):
 garbage-first heap   total 237568K, used 109714K [0x00000006c0000000, 0x0000000800000000)
  region size 4096K, 3 young (12288K), 2 survivors (8192K)
 Metaspace       used 51506K, committed 52736K, reserved 1114112K
  class space    used 5551K, committed 6080K, reserved 1048576K
}
Event: 5.949 GC heap after
{Heap after GC invocations=28 (full 0):
 garbage-first heap   total 237568K, used 106697K [0x00000006c0000000, 0x0000000800000000)
  region size 4096K, 1 young (4096K), 1 survivors (4096K)
 Metaspace       used 51506K, committed 52736K, reserved 1114112K
  class space    used 5551K, committed 6080K, reserved 1048576K
}
Event: 5.957 GC heap before
{Heap before GC invocations=28 (full 0):
 garbage-first heap   total 237568K, used 110793K [0x00000006c0000000, 0x0000000800000000)
  region size 4096K, 2 young (8192K), 1 survivors (4096K)
 Metaspace       used 51506K, committed 52736K, reserved 1114112K
  class space    used 5551K, committed 6080K, reserved 1048576K
}
Event: 5.959 GC heap after
{Heap after GC invocations=29 (full 0):
 garbage-first heap   total 237568K, used 106989K [0x00000006c0000000, 0x0000000800000000)
  region size 4096K, 1 young (4096K), 1 survivors (4096K)
 Metaspace       used 51506K, committed 52736K, reserved 1114112K
  class space    used 5551K, committed 6080K, reserved 1048576K
}
Event: 5.966 GC heap before
{Heap before GC invocations=29 (full 0):
 garbage-first heap   total 237568K, used 111085K [0x00000006c0000000, 0x0000000800000000)
  region size 4096K, 2 young (8192K), 1 survivors (4096K)
 Metaspace       used 51506K, committed 52736K, reserved 1114112K
  class space    used 5551K, committed 6080K, reserved 1048576K
}
Event: 5.968 GC heap after
{Heap after GC invocations=30 (full 0):
 garbage-first heap   total 237568K, used 107072K [0x00000006c0000000, 0x0000000800000000)
  region size 4096K, 1 young (4096K), 1 survivors (4096K)
 Metaspace       used 51506K, committed 52736K, reserved 1114112K
  class space    used 5551K, committed 6080K, reserved 1048576K
}
Event: 5.976 GC heap before
{Heap before GC invocations=30 (full 0):
 garbage-first heap   total 237568K, used 107072K [0x00000006c0000000, 0x0000000800000000)
  region size 4096K, 2 young (8192K), 1 survivors (4096K)
 Metaspace       used 51506K, committed 52736K, reserved 1114112K
  class space    used 5551K, committed 6080K, reserved 1048576K
}

