# JRE version: OpenJDK Runtime Environment Temurin-21.0.8+9 (21.0.8+9) (build 21.0.8+9-LTS)
# Java VM: OpenJDK 64-Bit Server VM Temurin-21.0.8+9 (21.0.8+9-LTS, mixed mode, sharing, tiered, compressed oops, compressed class ptrs, g1 gc, windows-amd64)
GC Precious Log:
 CardTable entry size: 512
 Card Set container configuration: InlinePtr #cards 4 size 8 Array Of Cards #cards 32 size 80 Howl #buckets 8 coarsen threshold 7372 Howl Bitmap #cards 1024 size 144 coarsen threshold 921 Card regions per heap region 1 cards per card region 8192
 CPUs: 12 total, 12 available
 Memory: 16091M
 Large Page Support: Disabled
 NUMA Support: Disabled
 Compressed Oops: Enabled (Zero based)
 Heap Region Size: 4M
 Heap Min Capacity: 8M
 Heap Initial Capacity: 252M
 Heap Max Capacity: 6G
 Pre-touch: Disabled
 Parallel Workers: 10
 Concurrent Workers: 3
 Concurrent Refinement Workers: 10
 Periodic GC: Disabled
Heap:
 garbage-first heap   total 454656K, used 356083K [0x0000000680000000, 0x0000000800000000)
  region size 4096K, 19 young (77824K), 5 survivors (20480K)
 Metaspace       used 68027K, committed 69440K, reserved 1114112K
  class space    used 7720K, committed 8320K, reserved 1048576K
GC Heap History (20 events):
Event: 14.598 GC heap before
{Heap before GC invocations=39 (full 0):
 garbage-first heap   total 262144K, used 196238K [0x0000000680000000, 0x0000000800000000)
  region size 4096K, 15 young (61440K), 3 survivors (12288K)
 Metaspace       used 61032K, committed 62336K, reserved 1114112K
  class space    used 6621K, committed 7232K, reserved 1048576K
}
Event: 14.601 GC heap after
{Heap after GC invocations=40 (full 0):
 garbage-first heap   total 262144K, used 160567K [0x0000000680000000, 0x0000000800000000)
  region size 4096K, 2 young (8192K), 2 survivors (8192K)
 Metaspace       used 61032K, committed 62336K, reserved 1114112K
  class space    used 6621K, committed 7232K, reserved 1048576K
}
Event: 14.768 GC heap before
{Heap before GC invocations=40 (full 0):
 garbage-first heap   total 262144K, used 222007K [0x0000000680000000, 0x0000000800000000)
  region size 4096K, 17 young (69632K), 2 survivors (8192K)
 Metaspace       used 61949K, committed 63232K, reserved 1114112K
  class space    used 6789K, committed 7424K, reserved 1048576K
}
Event: 14.773 GC heap after
{Heap after GC invocations=41 (full 0):
 garbage-first heap   total 262144K, used 169298K [0x0000000680000000, 0x0000000800000000)
  region size 4096K, 3 young (12288K), 3 survivors (12288K)
 Metaspace       used 61949K, committed 63232K, reserved 1114112K
  class space    used 6789K, committed 7424K, reserved 1048576K
}
Event: 14.977 GC heap before
{Heap before GC invocations=41 (full 0):
 garbage-first heap   total 262144K, used 226642K [0x0000000680000000, 0x0000000800000000)
  region size 4096K, 17 young (69632K), 3 survivors (12288K)
 Metaspace       used 62121K, committed 63424K, reserved 1114112K
  class space    used 6805K, committed 7424K, reserved 1048576K
}
Event: 14.981 GC heap after
{Heap after GC invocations=42 (full 0):
 garbage-first heap   total 315392K, used 178690K [0x0000000680000000, 0x0000000800000000)
  region size 4096K, 3 young (12288K), 3 survivors (12288K)
 Metaspace       used 62121K, committed 63424K, reserved 1114112K
  class space    used 6805K, committed 7424K, reserved 1048576K
}
Event: 15.240 GC heap before
{Heap before GC invocations=43 (full 0):
 garbage-first heap   total 315392K, used 264706K [0x0000000680000000, 0x0000000800000000)
  region size 4096K, 24 young (98304K), 3 survivors (12288K)
 Metaspace       used 62125K, committed 63424K, reserved 1114112K
  class space    used 6805K, committed 7424K, reserved 1048576K
}
Event: 15.244 GC heap after
{Heap after GC invocations=44 (full 0):
 garbage-first heap   total 315392K, used 192924K [0x0000000680000000, 0x0000000800000000)
  region size 4096K, 3 young (12288K), 3 survivors (12288K)
 Metaspace       used 62125K, committed 63424K, reserved 1114112K
  class space    used 6805K, committed 7424K, reserved 1048576K
}
Event: 15.505 GC heap before
{Heap before GC invocations=44 (full 0):
 garbage-first heap   total 315392K, used 270748K [0x0000000680000000, 0x0000000800000000)
  region size 4096K, 22 young (90112K), 3 survivors (12288K)
 Metaspace       used 62979K, committed 64320K, reserved 1114112K
  class space    used 6987K, committed 7616K, reserved 1048576K
}
Event: 15.512 GC heap after
{Heap after GC invocations=45 (full 0):
 garbage-first heap   total 315392K, used 210319K [0x0000000680000000, 0x0000000800000000)
  region size 4096K, 3 young (12288K), 3 survivors (12288K)
 Metaspace       used 62979K, committed 64320K, reserved 1114112K
  class space    used 6987K, committed 7616K, reserved 1048576K
}
Event: 15.684 GC heap before
{Heap before GC invocations=45 (full 0):
 garbage-first heap   total 315392K, used 275855K [0x0000000680000000, 0x0000000800000000)
  region size 4096K, 19 young (77824K), 3 survivors (12288K)
 Metaspace       used 64810K, committed 66176K, reserved 1114112K
  class space    used 7275K, committed 7936K, reserved 1048576K
}
Event: 15.689 GC heap after
{Heap after GC invocations=46 (full 0):
 garbage-first heap   total 315392K, used 223291K [0x0000000680000000, 0x0000000800000000)
  region size 4096K, 3 young (12288K), 3 survivors (12288K)
 Metaspace       used 64810K, committed 66176K, reserved 1114112K
  class space    used 7275K, committed 7936K, reserved 1048576K
}
Event: 15.923 GC heap before
{Heap before GC invocations=47 (full 0):
 garbage-first heap   total 376832K, used 272443K [0x0000000680000000, 0x0000000800000000)
  region size 4096K, 16 young (65536K), 3 survivors (12288K)
 Metaspace       used 66114K, committed 67456K, reserved 1114112K
  class space    used 7514K, committed 8128K, reserved 1048576K
}
Event: 15.928 GC heap after
{Heap after GC invocations=48 (full 0):
 garbage-first heap   total 376832K, used 232104K [0x0000000680000000, 0x0000000800000000)
  region size 4096K, 2 young (8192K), 2 survivors (8192K)
 Metaspace       used 66114K, committed 67456K, reserved 1114112K
  class space    used 7514K, committed 8128K, reserved 1048576K
}
Event: 16.406 GC heap before
{Heap before GC invocations=48 (full 0):
 garbage-first heap   total 376832K, used 326312K [0x0000000680000000, 0x0000000800000000)
  region size 4096K, 26 young (106496K), 2 survivors (8192K)
 Metaspace       used 67803K, committed 69184K, reserved 1114112K
  class space    used 7704K, committed 8320K, reserved 1048576K
}
Event: 16.414 GC heap after
{Heap after GC invocations=49 (full 0):
 garbage-first heap   total 454656K, used 243442K [0x0000000680000000, 0x0000000800000000)
  region size 4096K, 4 young (16384K), 4 survivors (16384K)
 Metaspace       used 67803K, committed 69184K, reserved 1114112K
  class space    used 7704K, committed 8320K, reserved 1048576K
}
Event: 16.978 GC heap before
{Heap before GC invocations=49 (full 0):
 garbage-first heap   total 454656K, used 386802K [0x0000000680000000, 0x0000000800000000)
  region size 4096K, 39 young (159744K), 4 survivors (16384K)
 Metaspace       used 67837K, committed 69312K, reserved 1114112K
  class space    used 7711K, committed 8320K, reserved 1048576K
}
Event: 16.988 GC heap after
{Heap after GC invocations=50 (full 0):
 garbage-first heap   total 454656K, used 273961K [0x0000000680000000, 0x0000000800000000)
  region size 4096K, 5 young (20480K), 5 survivors (20480K)
 Metaspace       used 67837K, committed 69312K, reserved 1114112K
  class space    used 7711K, committed 8320K, reserved 1048576K
}
Event: 17.605 GC heap before
{Heap before GC invocations=50 (full 0):
 garbage-first heap   total 454656K, used 392745K [0x0000000680000000, 0x0000000800000000)
  region size 4096K, 34 young (139264K), 5 survivors (20480K)
 Metaspace       used 67901K, committed 69312K, reserved 1114112K
  class space    used 7713K, committed 8320K, reserved 1048576K
}
Event: 17.614 GC heap after
{Heap after GC invocations=51 (full 0):
 garbage-first heap   total 454656K, used 302835K [0x0000000680000000, 0x0000000800000000)
  region size 4096K, 5 young (20480K), 5 survivors (20480K)
 Metaspace       used 67901K, committed 69312K, reserved 1114112K
  class space    used 7713K, committed 8320K, reserved 1048576K
}

