# JRE version: OpenJDK Runtime Environment Temurin-21.0.8+9 (21.0.8+9) (build 21.0.8+9-LTS)
# Java VM: OpenJDK 64-Bit Server VM Temurin-21.0.8+9 (21.0.8+9-LTS, mixed mode, sharing, tiered, compressed oops, compressed class ptrs, g1 gc, windows-amd64)
GC Precious Log:
 CardTable entry size: 512
 Card Set container configuration: InlinePtr #cards 4 size 8 Array Of Cards #cards 32 size 80 Howl #buckets 8 coarsen threshold 7372 Howl Bitmap #cards 1024 size 144 coarsen threshold 921 Card regions per heap region 1 cards per card region 8192
 CPUs: 12 total, 12 available
 Memory: 16091M
 Large Page Support: Disabled
 NUMA Support: Disabled
 Compressed Oops: Enabled (Zero based)
 Heap Region Size: 4M
 Heap Min Capacity: 8M
 Heap Initial Capacity: 252M
 Heap Max Capacity: 6G
 Pre-touch: Disabled
 Parallel Workers: 10
 Concurrent Workers: 3
 Concurrent Refinement Workers: 10
 Periodic GC: Disabled
Heap:
 garbage-first heap   total 413696K, used 113982K [0x0000000680000000, 0x0000000800000000)
  region size 4096K, 3 young (12288K), 3 survivors (12288K)
 Metaspace       used 55735K, committed 56960K, reserved 1114112K
  class space    used 5926K, committed 6464K, reserved 1048576K
GC Heap History (20 events):
Event: 9.268 GC heap after
{Heap after GC invocations=21 (full 0):
 garbage-first heap   total 122880K, used 57120K [0x0000000680000000, 0x0000000800000000)
  region size 4096K, 1 young (4096K), 1 survivors (4096K)
 Metaspace       used 48703K, committed 49856K, reserved 1114112K
  class space    used 5247K, committed 5760K, reserved 1048576K
}
Event: 9.340 GC heap before
{Heap before GC invocations=22 (full 0):
 garbage-first heap   total 122880K, used 65312K [0x0000000680000000, 0x0000000800000000)
  region size 4096K, 3 young (12288K), 1 survivors (4096K)
 Metaspace       used 48819K, committed 49984K, reserved 1114112K
  class space    used 5259K, committed 5824K, reserved 1048576K
}
Event: 9.341 GC heap after
{Heap after GC invocations=23 (full 0):
 garbage-first heap   total 122880K, used 58943K [0x0000000680000000, 0x0000000800000000)
  region size 4096K, 1 young (4096K), 1 survivors (4096K)
 Metaspace       used 48819K, committed 49984K, reserved 1114112K
  class space    used 5259K, committed 5824K, reserved 1048576K
}
Event: 9.680 GC heap before
{Heap before GC invocations=23 (full 0):
 garbage-first heap   total 122880K, used 95807K [0x0000000680000000, 0x0000000800000000)
  region size 4096K, 11 young (45056K), 1 survivors (4096K)
 Metaspace       used 49338K, committed 50496K, reserved 1114112K
  class space    used 5306K, committed 5824K, reserved 1048576K
}
Event: 9.685 GC heap after
{Heap after GC invocations=24 (full 0):
 garbage-first heap   total 290816K, used 65717K [0x0000000680000000, 0x0000000800000000)
  region size 4096K, 2 young (8192K), 2 survivors (8192K)
 Metaspace       used 49338K, committed 50496K, reserved 1114112K
  class space    used 5306K, committed 5824K, reserved 1048576K
}
Event: 9.699 GC heap before
{Heap before GC invocations=24 (full 0):
 garbage-first heap   total 290816K, used 69813K [0x0000000680000000, 0x0000000800000000)
  region size 4096K, 3 young (12288K), 2 survivors (8192K)
 Metaspace       used 49395K, committed 50560K, reserved 1114112K
  class space    used 5313K, committed 5824K, reserved 1048576K
}
Event: 9.701 GC heap after
{Heap after GC invocations=25 (full 0):
 garbage-first heap   total 290816K, used 67767K [0x0000000680000000, 0x0000000800000000)
  region size 4096K, 1 young (4096K), 1 survivors (4096K)
 Metaspace       used 49395K, committed 50560K, reserved 1114112K
  class space    used 5313K, committed 5824K, reserved 1048576K
}
Event: 9.785 GC heap before
{Heap before GC invocations=25 (full 0):
 garbage-first heap   total 290816K, used 84151K [0x0000000680000000, 0x0000000800000000)
  region size 4096K, 5 young (20480K), 1 survivors (4096K)
 Metaspace       used 50366K, committed 51456K, reserved 1114112K
  class space    used 5406K, committed 5888K, reserved 1048576K
}
Event: 9.787 GC heap after
{Heap after GC invocations=26 (full 0):
 garbage-first heap   total 290816K, used 70057K [0x0000000680000000, 0x0000000800000000)
  region size 4096K, 1 young (4096K), 1 survivors (4096K)
 Metaspace       used 50366K, committed 51456K, reserved 1114112K
  class space    used 5406K, committed 5888K, reserved 1048576K
}
Event: 9.879 GC heap before
{Heap before GC invocations=26 (full 0):
 garbage-first heap   total 290816K, used 82345K [0x0000000680000000, 0x0000000800000000)
  region size 4096K, 5 young (20480K), 1 survivors (4096K)
 Metaspace       used 50664K, committed 51904K, reserved 1114112K
  class space    used 5438K, committed 5952K, reserved 1048576K
}
Event: 9.881 GC heap after
{Heap after GC invocations=27 (full 0):
 garbage-first heap   total 290816K, used 73339K [0x0000000680000000, 0x0000000800000000)
  region size 4096K, 1 young (4096K), 1 survivors (4096K)
 Metaspace       used 50664K, committed 51904K, reserved 1114112K
  class space    used 5438K, committed 5952K, reserved 1048576K
}
Event: 10.139 GC heap before
{Heap before GC invocations=27 (full 0):
 garbage-first heap   total 290816K, used 97915K [0x0000000680000000, 0x0000000800000000)
  region size 4096K, 8 young (32768K), 1 survivors (4096K)
 Metaspace       used 51642K, committed 52864K, reserved 1114112K
  class space    used 5543K, committed 6080K, reserved 1048576K
}
Event: 10.143 GC heap after
{Heap after GC invocations=28 (full 0):
 garbage-first heap   total 413696K, used 79263K [0x0000000680000000, 0x0000000800000000)
  region size 4096K, 1 young (4096K), 1 survivors (4096K)
 Metaspace       used 51642K, committed 52864K, reserved 1114112K
  class space    used 5543K, committed 6080K, reserved 1048576K
}
Event: 10.271 GC heap before
{Heap before GC invocations=28 (full 0):
 garbage-first heap   total 413696K, used 112031K [0x0000000680000000, 0x0000000800000000)
  region size 4096K, 10 young (40960K), 1 survivors (4096K)
 Metaspace       used 51693K, committed 52864K, reserved 1114112K
  class space    used 5546K, committed 6080K, reserved 1048576K
}
Event: 10.274 GC heap after
{Heap after GC invocations=29 (full 0):
 garbage-first heap   total 413696K, used 81870K [0x0000000680000000, 0x0000000800000000)
  region size 4096K, 2 young (8192K), 2 survivors (8192K)
 Metaspace       used 51693K, committed 52864K, reserved 1114112K
  class space    used 5546K, committed 6080K, reserved 1048576K
}
Event: 10.618 GC heap before
{Heap before GC invocations=29 (full 0):
 garbage-first heap   total 413696K, used 126926K [0x0000000680000000, 0x0000000800000000)
  region size 4096K, 14 young (57344K), 2 survivors (8192K)
 Metaspace       used 53412K, committed 54656K, reserved 1114112K
  class space    used 5710K, committed 6272K, reserved 1048576K
}
Event: 10.622 GC heap after
{Heap after GC invocations=30 (full 0):
 garbage-first heap   total 413696K, used 87198K [0x0000000680000000, 0x0000000800000000)
  region size 4096K, 2 young (8192K), 2 survivors (8192K)
 Metaspace       used 53412K, committed 54656K, reserved 1114112K
  class space    used 5710K, committed 6272K, reserved 1048576K
}
Event: 11.011 GC heap before
{Heap before GC invocations=30 (full 0):
 garbage-first heap   total 413696K, used 156830K [0x0000000680000000, 0x0000000800000000)
  region size 4096K, 19 young (77824K), 2 survivors (8192K)
 Metaspace       used 54266K, committed 55488K, reserved 1114112K
  class space    used 5799K, committed 6336K, reserved 1048576K
}
Event: 11.016 GC heap after
{Heap after GC invocations=31 (full 0):
 garbage-first heap   total 413696K, used 99744K [0x0000000680000000, 0x0000000800000000)
  region size 4096K, 3 young (12288K), 3 survivors (12288K)
 Metaspace       used 54266K, committed 55488K, reserved 1114112K
  class space    used 5799K, committed 6336K, reserved 1048576K
}
Event: 11.358 GC heap before
{Heap before GC invocations=31 (full 0):
 garbage-first heap   total 413696K, used 161184K [0x0000000680000000, 0x0000000800000000)
  region size 4096K, 19 young (77824K), 3 survivors (12288K)
 Metaspace       used 55735K, committed 56960K, reserved 1114112K
  class space    used 5926K, committed 6464K, reserved 1048576K
}

